[{"line":1,"elements":[{"start_timestamp":"2023-01-31T00:19:30.049Z","line":3,"name":"Login with Valid Username & Valid Password","description":"","id":"loginpage-testcases-for-adactin-site;login-with-valid-username-&-valid-password","type":"scenario","keyword":"Scenario","steps":[{"result":{"duration":1827397800,"status":"passed"},"line":4,"name":"Open the Browser","match":{"location":"com.stepdefinition.files.LoginPageStepDefinition.open_the_browser()"},"keyword":"Given "},{"result":{"duration":7111947500,"status":"passed"},"line":5,"name":"Launch the Adactin URL","match":{"location":"com.stepdefinition.files.LoginPageStepDefinition.launch_the_adactin_url()"},"keyword":"And "},{"result":{"duration":215725400,"status":"passed"},"line":6,"name":"User Enter the Username \"<username>\"","match":{"arguments":[{"val":"\"<username>\"","offset":24}],"location":"com.stepdefinition.files.LoginPageStepDefinition.user_enter_the_username(java.lang.String)"},"keyword":"When "},{"result":{"duration":165074700,"status":"passed"},"line":7,"name":"User Enter the Password \"<password>\"","match":{"arguments":[{"val":"\"<password>\"","offset":24}],"location":"com.stepdefinition.files.LoginPageStepDefinition.user_enter_the_password(java.lang.String)"},"keyword":"And "},{"result":{"duration":441172100,"status":"passed"},"line":8,"name":"Click on Login button","match":{"location":"com.stepdefinition.files.LoginPageStepDefinition.click_on_login_button()"},"keyword":"And "},{"result":{"error_message":"org.openqa.selenium.NoSuchElementException: no such element: Unable to locate element: {\"method\":\"css selector\",\"selector\":\"#username_show\"}\n  (Session info: chrome=109.0.5414.120)\nFor documentation on this error, please visit: https://www.seleniumhq.org/exceptions/no_such_element.html\nBuild info: version: '3.141.59', revision: 'e82be7d358', time: '2018-11-14T08:17:03'\nSystem info: host: 'LAPTOP-O1ONHJO3', ip: '192.168.1.3', os.name: 'Windows 10', os.arch: 'amd64', os.version: '10.0', java.version: '16.0.2'\nDriver info: org.openqa.selenium.chrome.ChromeDriver\nCapabilities {acceptInsecureCerts: false, browserName: chrome, browserVersion: 109.0.5414.120, chrome: {chromedriverVersion: 109.0.5414.74 (e7c5703604da..., userDataDir: C:\\Users\\Admin\\AppData\\Loca...}, goog:chromeOptions: {debuggerAddress: localhost:62198}, javascriptEnabled: true, networkConnectionEnabled: false, pageLoadStrategy: normal, platform: WINDOWS, platformName: WINDOWS, proxy: Proxy(), setWindowRect: true, strictFileInteractability: false, timeouts: {implicit: 0, pageLoad: 300000, script: 30000}, unhandledPromptBehavior: dismiss and notify, webauthn:extension:credBlob: true, webauthn:extension:largeBlob: true, webauthn:virtualAuthenticators: true}\nSession ID: e7edd89bc354d71d64e7c0a2d61b4741\n*** Element info: {Using=id, value=username_show}\r\n\tat java.base/jdk.internal.reflect.NativeConstructorAccessorImpl.newInstance0(Native Method)\r\n\tat java.base/jdk.internal.reflect.NativeConstructorAccessorImpl.newInstance(NativeConstructorAccessorImpl.java:78)\r\n\tat java.base/jdk.internal.reflect.DelegatingConstructorAccessorImpl.newInstance(DelegatingConstructorAccessorImpl.java:45)\r\n\tat java.base/java.lang.reflect.Constructor.newInstanceWithCaller(Constructor.java:499)\r\n\tat java.base/java.lang.reflect.Constructor.newInstance(Constructor.java:480)\r\n\tat org.openqa.selenium.remote.http.W3CHttpResponseCodec.createException(W3CHttpResponseCodec.java:187)\r\n\tat org.openqa.selenium.remote.http.W3CHttpResponseCodec.decode(W3CHttpResponseCodec.java:122)\r\n\tat org.openqa.selenium.remote.http.W3CHttpResponseCodec.decode(W3CHttpResponseCodec.java:49)\r\n\tat org.openqa.selenium.remote.HttpCommandExecutor.execute(HttpCommandExecutor.java:158)\r\n\tat org.openqa.selenium.remote.service.DriverCommandExecutor.execute(DriverCommandExecutor.java:83)\r\n\tat org.openqa.selenium.remote.RemoteWebDriver.execute(RemoteWebDriver.java:552)\r\n\tat org.openqa.selenium.remote.RemoteWebDriver.findElement(RemoteWebDriver.java:323)\r\n\tat org.openqa.selenium.remote.RemoteWebDriver.findElementById(RemoteWebDriver.java:372)\r\n\tat org.openqa.selenium.By$ById.findElement(By.java:188)\r\n\tat org.openqa.selenium.remote.RemoteWebDriver.findElement(RemoteWebDriver.java:315)\r\n\tat com.base.utils.BaseClass.findElementById(BaseClass.java:144)\r\n\tat com.stepdefinition.files.LoginPageStepDefinition.user_logged_in_successfully(LoginPageStepDefinition.java:60)\r\n\tat ✽.User logged in successfully(file:///C:/Users/Admin/Oct(Selenium)%20&%20Dec(Project)/CucumberDec/src/test/java/com/feature/files/AdactinLoginPage.feature:9)\r\n","duration":3063827100,"status":"failed"},"line":9,"name":"User logged in successfully","match":{"location":"com.stepdefinition.files.LoginPageStepDefinition.user_logged_in_successfully()"},"keyword":"Then "}]},{"start_timestamp":"2023-01-31T00:19:42.983Z","line":21,"name":"Login with different combination of credentials","description":"","id":"loginpage-testcases-for-adactin-site;login-with-different-combination-of-credentials;;2","type":"scenario","keyword":"Scenario Outline","steps":[{"result":{"duration":912527300,"status":"passed"},"line":12,"name":"Open the Browser","match":{"location":"com.stepdefinition.files.LoginPageStepDefinition.open_the_browser()"},"keyword":"Given "},{"result":{"duration":7543482000,"status":"passed"},"line":13,"name":"Launch the Adactin URL","match":{"location":"com.stepdefinition.files.LoginPageStepDefinition.launch_the_adactin_url()"},"keyword":"And "},{"result":{"duration":148006200,"status":"passed"},"line":14,"name":"User Enter the Username as \"Ram\"","match":{"arguments":[{"val":"\"Ram\"","offset":27}],"location":"com.stepdefinition.files.LoginPageStepDefinition.user_enter_the_username_as(java.lang.String)"},"keyword":"When "},{"result":{"duration":119174600,"status":"passed"},"line":15,"name":"User Enter the Password as \"ram123\"","match":{"arguments":[{"val":"\"ram123\"","offset":27}],"location":"com.stepdefinition.files.LoginPageStepDefinition.user_enter_the_password_as(java.lang.String)"},"keyword":"And "},{"result":{"duration":408800800,"status":"passed"},"line":16,"name":"Click on Login button","match":{"location":"com.stepdefinition.files.LoginPageStepDefinition.click_on_login_button()"},"keyword":"And "},{"result":{"error_message":"org.openqa.selenium.NoSuchElementException: no such element: Unable to locate element: {\"method\":\"css selector\",\"selector\":\"#username_show\"}\n  (Session info: chrome=109.0.5414.120)\nFor documentation on this error, please visit: https://www.seleniumhq.org/exceptions/no_such_element.html\nBuild info: version: '3.141.59', revision: 'e82be7d358', time: '2018-11-14T08:17:03'\nSystem info: host: 'LAPTOP-O1ONHJO3', ip: '192.168.1.3', os.name: 'Windows 10', os.arch: 'amd64', os.version: '10.0', java.version: '16.0.2'\nDriver info: org.openqa.selenium.chrome.ChromeDriver\nCapabilities {acceptInsecureCerts: false, browserName: chrome, browserVersion: 109.0.5414.120, chrome: {chromedriverVersion: 109.0.5414.74 (e7c5703604da..., userDataDir: C:\\Users\\Admin\\AppData\\Loca...}, goog:chromeOptions: {debuggerAddress: localhost:62218}, javascriptEnabled: true, networkConnectionEnabled: false, pageLoadStrategy: normal, platform: WINDOWS, platformName: WINDOWS, proxy: Proxy(), setWindowRect: true, strictFileInteractability: false, timeouts: {implicit: 0, pageLoad: 300000, script: 30000}, unhandledPromptBehavior: dismiss and notify, webauthn:extension:credBlob: true, webauthn:extension:largeBlob: true, webauthn:virtualAuthenticators: true}\nSession ID: 1b552322b9179345faa6508e44fe83f0\n*** Element info: {Using=id, value=username_show}\r\n\tat java.base/jdk.internal.reflect.NativeConstructorAccessorImpl.newInstance0(Native Method)\r\n\tat java.base/jdk.internal.reflect.NativeConstructorAccessorImpl.newInstance(NativeConstructorAccessorImpl.java:78)\r\n\tat java.base/jdk.internal.reflect.DelegatingConstructorAccessorImpl.newInstance(DelegatingConstructorAccessorImpl.java:45)\r\n\tat java.base/java.lang.reflect.Constructor.newInstanceWithCaller(Constructor.java:499)\r\n\tat java.base/java.lang.reflect.Constructor.newInstance(Constructor.java:480)\r\n\tat org.openqa.selenium.remote.http.W3CHttpResponseCodec.createException(W3CHttpResponseCodec.java:187)\r\n\tat org.openqa.selenium.remote.http.W3CHttpResponseCodec.decode(W3CHttpResponseCodec.java:122)\r\n\tat org.openqa.selenium.remote.http.W3CHttpResponseCodec.decode(W3CHttpResponseCodec.java:49)\r\n\tat org.openqa.selenium.remote.HttpCommandExecutor.execute(HttpCommandExecutor.java:158)\r\n\tat org.openqa.selenium.remote.service.DriverCommandExecutor.execute(DriverCommandExecutor.java:83)\r\n\tat org.openqa.selenium.remote.RemoteWebDriver.execute(RemoteWebDriver.java:552)\r\n\tat org.openqa.selenium.remote.RemoteWebDriver.findElement(RemoteWebDriver.java:323)\r\n\tat org.openqa.selenium.remote.RemoteWebDriver.findElementById(RemoteWebDriver.java:372)\r\n\tat org.openqa.selenium.By$ById.findElement(By.java:188)\r\n\tat org.openqa.selenium.remote.RemoteWebDriver.findElement(RemoteWebDriver.java:315)\r\n\tat com.base.utils.BaseClass.findElementById(BaseClass.java:144)\r\n\tat com.stepdefinition.files.LoginPageStepDefinition.user_logged_in_successfully(LoginPageStepDefinition.java:60)\r\n\tat ✽.User logged in successfully(file:///C:/Users/Admin/Oct(Selenium)%20&%20Dec(Project)/CucumberDec/src/test/java/com/feature/files/AdactinLoginPage.feature:17)\r\n","duration":3039901900,"status":"failed"},"line":17,"name":"User logged in successfully","match":{"location":"com.stepdefinition.files.LoginPageStepDefinition.user_logged_in_successfully()"},"keyword":"Then "}]},{"start_timestamp":"2023-01-31T00:19:55.188Z","line":22,"name":"Login with different combination of credentials","description":"","id":"loginpage-testcases-for-adactin-site;login-with-different-combination-of-credentials;;3","type":"scenario","keyword":"Scenario Outline","steps":[{"result":{"duration":1175357200,"status":"passed"},"line":12,"name":"Open the Browser","match":{"location":"com.stepdefinition.files.LoginPageStepDefinition.open_the_browser()"},"keyword":"Given "},{"result":{"duration":7379507000,"status":"passed"},"line":13,"name":"Launch the Adactin URL","match":{"location":"com.stepdefinition.files.LoginPageStepDefinition.launch_the_adactin_url()"},"keyword":"And "},{"result":{"duration":174180800,"status":"passed"},"line":14,"name":"User Enter the Username as \"Keerthi\"","match":{"arguments":[{"val":"\"Keerthi\"","offset":27}],"location":"com.stepdefinition.files.LoginPageStepDefinition.user_enter_the_username_as(java.lang.String)"},"keyword":"When "},{"result":{"duration":154933200,"status":"passed"},"line":15,"name":"User Enter the Password as \"keerthi123\"","match":{"arguments":[{"val":"\"keerthi123\"","offset":27}],"location":"com.stepdefinition.files.LoginPageStepDefinition.user_enter_the_password_as(java.lang.String)"},"keyword":"And "},{"result":{"duration":669745500,"status":"passed"},"line":16,"name":"Click on Login button","match":{"location":"com.stepdefinition.files.LoginPageStepDefinition.click_on_login_button()"},"keyword":"And "},{"result":{"error_message":"org.openqa.selenium.NoSuchElementException: no such element: Unable to locate element: {\"method\":\"css selector\",\"selector\":\"#username_show\"}\n  (Session info: chrome=109.0.5414.120)\nFor documentation on this error, please visit: https://www.seleniumhq.org/exceptions/no_such_element.html\nBuild info: version: '3.141.59', revision: 'e82be7d358', time: '2018-11-14T08:17:03'\nSystem info: host: 'LAPTOP-O1ONHJO3', ip: '192.168.1.3', os.name: 'Windows 10', os.arch: 'amd64', os.version: '10.0', java.version: '16.0.2'\nDriver info: org.openqa.selenium.chrome.ChromeDriver\nCapabilities {acceptInsecureCerts: false, browserName: chrome, browserVersion: 109.0.5414.120, chrome: {chromedriverVersion: 109.0.5414.74 (e7c5703604da..., userDataDir: C:\\Users\\Admin\\AppData\\Loca...}, goog:chromeOptions: {debuggerAddress: localhost:62238}, javascriptEnabled: true, networkConnectionEnabled: false, pageLoadStrategy: normal, platform: WINDOWS, platformName: WINDOWS, proxy: Proxy(), setWindowRect: true, strictFileInteractability: false, timeouts: {implicit: 0, pageLoad: 300000, script: 30000}, unhandledPromptBehavior: dismiss and notify, webauthn:extension:credBlob: true, webauthn:extension:largeBlob: true, webauthn:virtualAuthenticators: true}\nSession ID: da031146b9585b428eb9c6c6075e5732\n*** Element info: {Using=id, value=username_show}\r\n\tat java.base/jdk.internal.reflect.NativeConstructorAccessorImpl.newInstance0(Native Method)\r\n\tat java.base/jdk.internal.reflect.NativeConstructorAccessorImpl.newInstance(NativeConstructorAccessorImpl.java:78)\r\n\tat java.base/jdk.internal.reflect.DelegatingConstructorAccessorImpl.newInstance(DelegatingConstructorAccessorImpl.java:45)\r\n\tat java.base/java.lang.reflect.Constructor.newInstanceWithCaller(Constructor.java:499)\r\n\tat java.base/java.lang.reflect.Constructor.newInstance(Constructor.java:480)\r\n\tat org.openqa.selenium.remote.http.W3CHttpResponseCodec.createException(W3CHttpResponseCodec.java:187)\r\n\tat org.openqa.selenium.remote.http.W3CHttpResponseCodec.decode(W3CHttpResponseCodec.java:122)\r\n\tat org.openqa.selenium.remote.http.W3CHttpResponseCodec.decode(W3CHttpResponseCodec.java:49)\r\n\tat org.openqa.selenium.remote.HttpCommandExecutor.execute(HttpCommandExecutor.java:158)\r\n\tat org.openqa.selenium.remote.service.DriverCommandExecutor.execute(DriverCommandExecutor.java:83)\r\n\tat org.openqa.selenium.remote.RemoteWebDriver.execute(RemoteWebDriver.java:552)\r\n\tat org.openqa.selenium.remote.RemoteWebDriver.findElement(RemoteWebDriver.java:323)\r\n\tat org.openqa.selenium.remote.RemoteWebDriver.findElementById(RemoteWebDriver.java:372)\r\n\tat org.openqa.selenium.By$ById.findElement(By.java:188)\r\n\tat org.openqa.selenium.remote.RemoteWebDriver.findElement(RemoteWebDriver.java:315)\r\n\tat com.base.utils.BaseClass.findElementById(BaseClass.java:144)\r\n\tat com.stepdefinition.files.LoginPageStepDefinition.user_logged_in_successfully(LoginPageStepDefinition.java:60)\r\n\tat ✽.User logged in successfully(file:///C:/Users/Admin/Oct(Selenium)%20&%20Dec(Project)/CucumberDec/src/test/java/com/feature/files/AdactinLoginPage.feature:17)\r\n","duration":3043348400,"status":"failed"},"line":17,"name":"User logged in successfully","match":{"location":"com.stepdefinition.files.LoginPageStepDefinition.user_logged_in_successfully()"},"keyword":"Then "}]},{"start_timestamp":"2023-01-31T00:20:07.824Z","line":23,"name":"Login with different combination of credentials","description":"","id":"loginpage-testcases-for-adactin-site;login-with-different-combination-of-credentials;;4","type":"scenario","keyword":"Scenario Outline","steps":[{"result":{"duration":2742016100,"status":"passed"},"line":12,"name":"Open the Browser","match":{"location":"com.stepdefinition.files.LoginPageStepDefinition.open_the_browser()"},"keyword":"Given "},{"result":{"duration":8944021100,"status":"passed"},"line":13,"name":"Launch the Adactin URL","match":{"location":"com.stepdefinition.files.LoginPageStepDefinition.launch_the_adactin_url()"},"keyword":"And "},{"result":{"duration":257164500,"status":"passed"},"line":14,"name":"User Enter the Username as \"Priya\"","match":{"arguments":[{"val":"\"Priya\"","offset":27}],"location":"com.stepdefinition.files.LoginPageStepDefinition.user_enter_the_username_as(java.lang.String)"},"keyword":"When "},{"result":{"duration":298458100,"status":"passed"},"line":15,"name":"User Enter the Password as \"priya123\"","match":{"arguments":[{"val":"\"priya123\"","offset":27}],"location":"com.stepdefinition.files.LoginPageStepDefinition.user_enter_the_password_as(java.lang.String)"},"keyword":"And "},{"result":{"duration":785973700,"status":"passed"},"line":16,"name":"Click on Login button","match":{"location":"com.stepdefinition.files.LoginPageStepDefinition.click_on_login_button()"},"keyword":"And "},{"result":{"error_message":"org.openqa.selenium.NoSuchElementException: no such element: Unable to locate element: {\"method\":\"css selector\",\"selector\":\"#username_show\"}\n  (Session info: chrome=109.0.5414.120)\nFor documentation on this error, please visit: https://www.seleniumhq.org/exceptions/no_such_element.html\nBuild info: version: '3.141.59', revision: 'e82be7d358', time: '2018-11-14T08:17:03'\nSystem info: host: 'LAPTOP-O1ONHJO3', ip: '192.168.1.3', os.name: 'Windows 10', os.arch: 'amd64', os.version: '10.0', java.version: '16.0.2'\nDriver info: org.openqa.selenium.chrome.ChromeDriver\nCapabilities {acceptInsecureCerts: false, browserName: chrome, browserVersion: 109.0.5414.120, chrome: {chromedriverVersion: 109.0.5414.74 (e7c5703604da..., userDataDir: C:\\Users\\Admin\\AppData\\Loca...}, goog:chromeOptions: {debuggerAddress: localhost:62261}, javascriptEnabled: true, networkConnectionEnabled: false, pageLoadStrategy: normal, platform: WINDOWS, platformName: WINDOWS, proxy: Proxy(), setWindowRect: true, strictFileInteractability: false, timeouts: {implicit: 0, pageLoad: 300000, script: 30000}, unhandledPromptBehavior: dismiss and notify, webauthn:extension:credBlob: true, webauthn:extension:largeBlob: true, webauthn:virtualAuthenticators: true}\nSession ID: 504a049fbaa9525c9f20de3a39dab1dc\n*** Element info: {Using=id, value=username_show}\r\n\tat java.base/jdk.internal.reflect.NativeConstructorAccessorImpl.newInstance0(Native Method)\r\n\tat java.base/jdk.internal.reflect.NativeConstructorAccessorImpl.newInstance(NativeConstructorAccessorImpl.java:78)\r\n\tat java.base/jdk.internal.reflect.DelegatingConstructorAccessorImpl.newInstance(DelegatingConstructorAccessorImpl.java:45)\r\n\tat java.base/java.lang.reflect.Constructor.newInstanceWithCaller(Constructor.java:499)\r\n\tat java.base/java.lang.reflect.Constructor.newInstance(Constructor.java:480)\r\n\tat org.openqa.selenium.remote.http.W3CHttpResponseCodec.createException(W3CHttpResponseCodec.java:187)\r\n\tat org.openqa.selenium.remote.http.W3CHttpResponseCodec.decode(W3CHttpResponseCodec.java:122)\r\n\tat org.openqa.selenium.remote.http.W3CHttpResponseCodec.decode(W3CHttpResponseCodec.java:49)\r\n\tat org.openqa.selenium.remote.HttpCommandExecutor.execute(HttpCommandExecutor.java:158)\r\n\tat org.openqa.selenium.remote.service.DriverCommandExecutor.execute(DriverCommandExecutor.java:83)\r\n\tat org.openqa.selenium.remote.RemoteWebDriver.execute(RemoteWebDriver.java:552)\r\n\tat org.openqa.selenium.remote.RemoteWebDriver.findElement(RemoteWebDriver.java:323)\r\n\tat org.openqa.selenium.remote.RemoteWebDriver.findElementById(RemoteWebDriver.java:372)\r\n\tat org.openqa.selenium.By$ById.findElement(By.java:188)\r\n\tat org.openqa.selenium.remote.RemoteWebDriver.findElement(RemoteWebDriver.java:315)\r\n\tat com.base.utils.BaseClass.findElementById(BaseClass.java:144)\r\n\tat com.stepdefinition.files.LoginPageStepDefinition.user_logged_in_successfully(LoginPageStepDefinition.java:60)\r\n\tat ✽.User logged in successfully(file:///C:/Users/Admin/Oct(Selenium)%20&%20Dec(Project)/CucumberDec/src/test/java/com/feature/files/AdactinLoginPage.feature:17)\r\n","duration":3029391200,"status":"failed"},"line":17,"name":"User logged in successfully","match":{"location":"com.stepdefinition.files.LoginPageStepDefinition.user_logged_in_successfully()"},"keyword":"Then "}]}],"name":"LoginPage Testcases for Adactin Site","description":"","id":"loginpage-testcases-for-adactin-site","keyword":"Feature","uri":"file:src/test/java/com/feature/files/AdactinLoginPage.feature","tags":[]},{"line":1,"elements":[{"start_timestamp":"2023-01-31T00:20:23.906Z","line":3,"name":"Sample Test One","description":"","id":"sample-feature-file-for-tags;sample-test-one","type":"scenario","keyword":"Scenario","steps":[{"result":{"status":"passed"},"line":4,"name":"Sample Test One Method Execution","match":{"location":"com.stepdefinition.files.TagsStepDefinition.sample_test_one_method_execution()"},"keyword":"Given "}]},{"start_timestamp":"2023-01-31T00:20:23.920Z","line":6,"name":"Sample Test Two","description":"","id":"sample-feature-file-for-tags;sample-test-two","type":"scenario","keyword":"Scenario","steps":[{"result":{"status":"passed"},"line":7,"name":"Sample Test Two Method Execution","match":{"location":"com.stepdefinition.files.TagsStepDefinition.sample_test_two_method_execution()"},"keyword":"Given "}]},{"start_timestamp":"2023-01-31T00:20:23.931Z","line":9,"name":"Sample Test Three","description":"","id":"sample-feature-file-for-tags;sample-test-three","type":"scenario","keyword":"Scenario","steps":[{"result":{"status":"passed"},"line":10,"name":"Sample Test Three Method Execution","match":{"location":"com.stepdefinition.files.TagsStepDefinition.sample_test_three_method_execution()"},"keyword":"Given "}]},{"start_timestamp":"2023-01-31T00:20:23.940Z","line":12,"name":"Sample Test Four","description":"","id":"sample-feature-file-for-tags;sample-test-four","type":"scenario","keyword":"Scenario","steps":[{"result":{"duration":996700,"status":"passed"},"line":13,"name":"Sample Test Four Method Execution","match":{"location":"com.stepdefinition.files.TagsStepDefinition.sample_test_four_method_execution()"},"keyword":"Given "}]},{"start_timestamp":"2023-01-31T00:20:23.953Z","line":15,"name":"Sample Test Five","description":"","id":"sample-feature-file-for-tags;sample-test-five","type":"scenario","keyword":"Scenario","steps":[{"result":{"status":"passed"},"line":16,"name":"Sample Test Five Method Execution","match":{"location":"com.stepdefinition.files.TagsStepDefinition.sample_test_five_method_execution()"},"keyword":"Given "}]}],"name":"Sample feature file for Tags","description":"","id":"sample-feature-file-for-tags","keyword":"Feature","uri":"file:src/test/java/com/feature/files/SampleTags.feature","tags":[]}]